{"/Users/fuhao/Workspace/fuhao/react-redux-mocha/src/Test/actions.js":{"path":"/Users/fuhao/Workspace/fuhao/react-redux-mocha/src/Test/actions.js","s":{"1":1,"2":1,"3":1,"4":1,"5":1,"6":1,"7":1,"8":1,"9":1,"10":1,"11":1,"12":1,"13":1,"14":0,"15":0,"16":0,"17":0,"18":0,"19":0,"20":0,"21":1,"22":1,"23":1,"24":1,"25":1,"26":1,"27":1,"28":1,"29":1,"30":1,"31":1,"32":1,"33":1,"34":1,"35":1,"36":1,"37":1,"38":1,"39":1},"b":{"1":[0,1],"2":[1,1],"3":[1,0],"4":[1,1],"5":[0,0],"6":[0,0]},"f":{"1":1,"2":1,"3":1,"4":1,"5":1,"6":1,"7":1,"8":1,"9":1,"10":1},"fnMap":{"1":{"name":"_interopRequireDefault","line":0,"loc":{"start":{"line":0,"column":0},"end":{"line":0,"column":0}},"skip":true},"2":{"name":"_interopRequireWildcard","line":0,"loc":{"start":{"line":0,"column":0},"end":{"line":0,"column":0}},"skip":true},"3":{"name":"getActionOneText","line":11,"loc":{"start":{"line":11,"column":7},"end":{"line":11,"column":35}}},"4":{"name":"getActionTwoText","line":18,"loc":{"start":{"line":18,"column":7},"end":{"line":18,"column":35}}},"5":{"name":"fetchTextRequest","line":25,"loc":{"start":{"line":25,"column":0},"end":{"line":25,"column":28}}},"6":{"name":"fetchTextSuccess","line":32,"loc":{"start":{"line":32,"column":0},"end":{"line":32,"column":32}}},"7":{"name":"fetchText","line":40,"loc":{"start":{"line":40,"column":7},"end":{"line":40,"column":28}}},"8":{"name":"(anonymous_8)","line":41,"loc":{"start":{"line":41,"column":11},"end":{"line":41,"column":23}}},"9":{"name":"(anonymous_9)","line":44,"loc":{"start":{"line":44,"column":18},"end":{"line":null,"column":null}}},"10":{"name":"(anonymous_10)","line":45,"loc":{"start":{"line":45,"column":18},"end":{"line":45,"column":25}}}},"statementMap":{"1":{"start":{"line":0,"column":0},"end":{"line":0,"column":0},"skip":true},"2":{"start":{"line":11,"column":16},"end":{"line":null,"column":null}},"3":{"start":{"line":18,"column":16},"end":{"line":null,"column":null}},"4":{"start":{"line":40,"column":16},"end":{"line":null,"column":null}},"5":{"start":{"line":1,"column":0},"end":{"line":null,"column":null}},"6":{"start":{"line":1,"column":12},"end":{"line":null,"column":null}},"7":{"start":{"line":2,"column":0},"end":{"line":null,"column":null}},"8":{"start":{"line":0,"column":0},"end":{"line":0,"column":0},"skip":true},"9":{"start":{"line":0,"column":0},"end":{"line":0,"column":0},"skip":true},"10":{"start":{"line":0,"column":0},"end":{"line":0,"column":0},"skip":true},"11":{"start":{"line":0,"column":0},"end":{"line":0,"column":0},"skip":true},"12":{"start":{"line":0,"column":0},"end":{"line":0,"column":0},"skip":true},"13":{"start":{"line":0,"column":0},"end":{"line":0,"column":0},"skip":true},"14":{"start":{"line":0,"column":0},"end":{"line":0,"column":0},"skip":true},"15":{"start":{"line":0,"column":0},"end":{"line":0,"column":0},"skip":true},"16":{"start":{"line":0,"column":0},"end":{"line":0,"column":0},"skip":true},"17":{"start":{"line":0,"column":0},"end":{"line":0,"column":0},"skip":true},"18":{"start":{"line":0,"column":0},"end":{"line":0,"column":0},"skip":true},"19":{"start":{"line":0,"column":0},"end":{"line":0,"column":0},"skip":true},"20":{"start":{"line":0,"column":0},"end":{"line":0,"column":0},"skip":true},"21":{"start":{"line":5,"column":4},"end":{"line":null,"column":null}},"22":{"start":{"line":6,"column":4},"end":{"line":null,"column":null}},"23":{"start":{"line":7,"column":4},"end":{"line":null,"column":null}},"24":{"start":{"line":8,"column":4},"end":{"line":null,"column":null}},"25":{"start":{"line":11,"column":7},"end":{"line":null,"column":null}},"26":{"start":{"line":12,"column":11},"end":{"line":null,"column":null}},"27":{"start":{"line":18,"column":7},"end":{"line":null,"column":null}},"28":{"start":{"line":19,"column":11},"end":{"line":null,"column":null}},"29":{"start":{"line":25,"column":0},"end":{"line":null,"column":null}},"30":{"start":{"line":26,"column":11},"end":{"line":null,"column":null}},"31":{"start":{"line":32,"column":0},"end":{"line":null,"column":null}},"32":{"start":{"line":33,"column":11},"end":{"line":null,"column":null}},"33":{"start":{"line":40,"column":7},"end":{"line":null,"column":null}},"34":{"start":{"line":41,"column":11},"end":{"line":null,"column":null}},"35":{"start":{"line":42,"column":17},"end":{"line":null,"column":null}},"36":{"start":{"line":43,"column":15},"end":{"line":null,"column":null}},"37":{"start":{"line":44,"column":25},"end":{"line":null,"column":null}},"38":{"start":{"line":46,"column":22},"end":{"line":null,"column":null}},"39":{"start":{"line":47,"column":25},"end":{"line":null,"column":null}}},"branchMap":{"1":{"line":0,"type":"cond-expr","locations":[{"start":{"line":0,"column":0},"end":{"line":0,"column":0},"skip":true},{"start":{"line":0,"column":0},"end":{"line":0,"column":0},"skip":true}]},"2":{"line":0,"type":"binary-expr","locations":[{"start":{"line":0,"column":0},"end":{"line":0,"column":0},"skip":true},{"start":{"line":0,"column":0},"end":{"line":0,"column":0},"skip":true}]},"3":{"line":0,"type":"if","locations":[{"start":{"line":0,"column":0},"end":{"line":0,"column":0},"skip":true},{"start":{"line":0,"column":0},"end":{"line":0,"column":0},"skip":true}]},"4":{"line":0,"type":"binary-expr","locations":[{"start":{"line":0,"column":0},"end":{"line":0,"column":0},"skip":true},{"start":{"line":0,"column":0},"end":{"line":0,"column":0},"skip":true}]},"5":{"line":0,"type":"if","locations":[{"start":{"line":0,"column":0},"end":{"line":0,"column":0},"skip":true},{"start":{"line":0,"column":0},"end":{"line":0,"column":0},"skip":true}]},"6":{"line":0,"type":"if","locations":[{"start":{"line":0,"column":0},"end":{"line":0,"column":0},"skip":true},{"start":{"line":0,"column":0},"end":{"line":0,"column":0},"skip":true}]}}},"/Users/fuhao/Workspace/fuhao/react-redux-mocha/src/Test/actionTypes.js":{"path":"/Users/fuhao/Workspace/fuhao/react-redux-mocha/src/Test/actionTypes.js","s":{"1":1,"2":1,"3":1,"4":1,"5":1},"b":{},"f":{},"fnMap":{},"statementMap":{"1":{"start":{"line":0,"column":0},"end":{"line":0,"column":0},"skip":true},"2":{"start":{"line":1,"column":7},"end":{"line":null,"column":null}},"3":{"start":{"line":2,"column":7},"end":{"line":null,"column":null}},"4":{"start":{"line":3,"column":7},"end":{"line":null,"column":null}},"5":{"start":{"line":4,"column":7},"end":{"line":null,"column":null}}},"branchMap":{}},"/Users/fuhao/Workspace/fuhao/react-redux-mocha/src/Test/component.jsx":{"path":"/Users/fuhao/Workspace/fuhao/react-redux-mocha/src/Test/component.jsx","s":{"1":1,"2":1,"3":1,"4":1,"5":1,"6":1,"7":1,"8":1,"9":1,"10":1,"11":1,"12":1,"13":1,"14":1,"15":0,"16":1,"17":1,"18":1,"19":1,"20":1,"21":1,"22":1,"23":1,"24":0,"25":1,"26":1,"27":0,"28":1,"29":1,"30":1,"31":0,"32":1,"33":1,"34":1,"35":1,"36":1,"37":1,"38":1,"39":1,"40":1,"41":1,"42":1,"43":1,"44":1,"45":1,"46":1,"47":1,"48":1,"49":1,"50":1,"51":1,"52":1,"53":1},"b":{"1":[1,1],"2":[1,0],"3":[1,0],"4":[0,1],"5":[0,1],"6":[1,1],"7":[0,1],"8":[0,1],"9":[0,1],"10":[1,0,0],"11":[0,1],"12":[1,0],"13":[1,1],"14":[1,0],"15":[1,0]},"f":{"1":1,"2":1,"3":1,"4":1,"5":1,"6":1,"7":1,"8":1,"9":1,"10":1},"fnMap":{"1":{"name":"(anonymous_1)","line":0,"loc":{"start":{"line":0,"column":0},"end":{"line":0,"column":0}},"skip":true},"2":{"name":"defineProperties","line":0,"loc":{"start":{"line":0,"column":0},"end":{"line":0,"column":0}},"skip":true},"3":{"name":"(anonymous_3)","line":0,"loc":{"start":{"line":0,"column":0},"end":{"line":0,"column":0}},"skip":true},"4":{"name":"_interopRequireDefault","line":0,"loc":{"start":{"line":0,"column":0},"end":{"line":0,"column":0}},"skip":true},"5":{"name":"_classCallCheck","line":0,"loc":{"start":{"line":0,"column":0},"end":{"line":0,"column":0}},"skip":true},"6":{"name":"_possibleConstructorReturn","line":0,"loc":{"start":{"line":0,"column":0},"end":{"line":0,"column":0}},"skip":true},"7":{"name":"_inherits","line":0,"loc":{"start":{"line":0,"column":0},"end":{"line":0,"column":0}},"skip":true},"8":{"name":"(anonymous_8)","line":0,"loc":{"start":{"line":0,"column":0},"end":{"line":0,"column":0}},"skip":true},"9":{"name":"Test","line":5,"loc":{"start":{"line":5,"column":16},"end":{"line":5,"column":23}}},"10":{"name":"render","line":9,"loc":{"start":{"line":9,"column":13},"end":{"line":9,"column":13}}}},"statementMap":{"1":{"start":{"line":0,"column":0},"end":{"line":0,"column":0},"skip":true},"2":{"start":{"line":0,"column":0},"end":{"line":0,"column":0},"skip":true},"3":{"start":{"line":0,"column":0},"end":{"line":0,"column":0},"skip":true},"4":{"start":{"line":0,"column":0},"end":{"line":0,"column":0},"skip":true},"5":{"start":{"line":0,"column":0},"end":{"line":0,"column":0},"skip":true},"6":{"start":{"line":0,"column":0},"end":{"line":0,"column":0},"skip":true},"7":{"start":{"line":0,"column":0},"end":{"line":0,"column":0},"skip":true},"8":{"start":{"line":0,"column":0},"end":{"line":0,"column":0},"skip":true},"9":{"start":{"line":0,"column":0},"end":{"line":0,"column":0},"skip":true},"10":{"start":{"line":0,"column":0},"end":{"line":0,"column":0},"skip":true},"11":{"start":{"line":0,"column":0},"end":{"line":0,"column":0},"skip":true},"12":{"start":{"line":0,"column":0},"end":{"line":0,"column":0},"skip":true},"13":{"start":{"line":0,"column":0},"end":{"line":0,"column":0},"skip":true},"14":{"start":{"line":0,"column":0},"end":{"line":0,"column":0},"skip":true},"15":{"start":{"line":0,"column":0},"end":{"line":0,"column":0},"skip":true},"16":{"start":{"line":0,"column":0},"end":{"line":0,"column":0},"skip":true},"17":{"start":{"line":1,"column":0},"end":{"line":null,"column":null}},"18":{"start":{"line":0,"column":0},"end":{"line":0,"column":0},"skip":true},"19":{"start":{"line":2,"column":0},"end":{"line":null,"column":null}},"20":{"start":{"line":0,"column":0},"end":{"line":0,"column":0},"skip":true},"21":{"start":{"line":0,"column":0},"end":{"line":0,"column":0},"skip":true},"22":{"start":{"line":0,"column":0},"end":{"line":0,"column":0},"skip":true},"23":{"start":{"line":0,"column":0},"end":{"line":0,"column":0},"skip":true},"24":{"start":{"line":0,"column":0},"end":{"line":0,"column":0},"skip":true},"25":{"start":{"line":0,"column":0},"end":{"line":0,"column":0},"skip":true},"26":{"start":{"line":0,"column":0},"end":{"line":0,"column":0},"skip":true},"27":{"start":{"line":0,"column":0},"end":{"line":0,"column":0},"skip":true},"28":{"start":{"line":0,"column":0},"end":{"line":0,"column":0},"skip":true},"29":{"start":{"line":0,"column":0},"end":{"line":0,"column":0},"skip":true},"30":{"start":{"line":0,"column":0},"end":{"line":0,"column":0},"skip":true},"31":{"start":{"line":0,"column":0},"end":{"line":0,"column":0},"skip":true},"32":{"start":{"line":0,"column":0},"end":{"line":0,"column":0},"skip":true},"33":{"start":{"line":0,"column":0},"end":{"line":0,"column":0},"skip":true},"34":{"start":{"line":0,"column":0},"end":{"line":0,"column":0},"skip":true},"35":{"start":{"line":4,"column":6},"end":{"line":null,"column":null}},"36":{"start":{"line":0,"column":0},"end":{"line":0,"column":0},"skip":true},"37":{"start":{"line":5,"column":16},"end":{"line":null,"column":null}},"38":{"start":{"line":0,"column":0},"end":{"line":0,"column":0},"skip":true},"39":{"start":{"line":6,"column":14},"end":{"line":null,"column":null}},"40":{"start":{"line":0,"column":0},"end":{"line":0,"column":0},"skip":true},"41":{"start":{"line":19,"column":16},"end":{"line":null,"column":null}},"42":{"start":{"line":11,"column":12},"end":{"line":null,"column":null}},"43":{"start":{"line":12,"column":12},"end":{"line":null,"column":null}},"44":{"start":{"line":13,"column":12},"end":{"line":null,"column":null}},"45":{"start":{"line":14,"column":12},"end":{"line":null,"column":null}},"46":{"start":{"line":15,"column":12},"end":{"line":null,"column":null}},"47":{"start":{"line":16,"column":12},"end":{"line":null,"column":null}},"48":{"start":{"line":17,"column":12},"end":{"line":null,"column":null}},"49":{"start":{"line":18,"column":12},"end":{"line":null,"column":null}},"50":{"start":{"line":22,"column":12},"end":{"line":null,"column":null}},"51":{"start":{"line":0,"column":0},"end":{"line":0,"column":0},"skip":true},"52":{"start":{"line":43,"column":0},"end":{"line":null,"column":null}},"53":{"start":{"line":54,"column":15},"end":{"line":null,"column":null}}},"branchMap":{"1":{"line":0,"type":"binary-expr","locations":[{"start":{"line":0,"column":0},"end":{"line":0,"column":0},"skip":true},{"start":{"line":0,"column":0},"end":{"line":0,"column":0},"skip":true}]},"2":{"line":0,"type":"if","locations":[{"start":{"line":0,"column":0},"end":{"line":0,"column":0},"skip":true},{"start":{"line":0,"column":0},"end":{"line":0,"column":0},"skip":true}]},"3":{"line":0,"type":"if","locations":[{"start":{"line":0,"column":0},"end":{"line":0,"column":0},"skip":true},{"start":{"line":0,"column":0},"end":{"line":0,"column":0},"skip":true}]},"4":{"line":0,"type":"if","locations":[{"start":{"line":0,"column":0},"end":{"line":0,"column":0},"skip":true},{"start":{"line":0,"column":0},"end":{"line":0,"column":0},"skip":true}]},"5":{"line":0,"type":"cond-expr","locations":[{"start":{"line":0,"column":0},"end":{"line":0,"column":0},"skip":true},{"start":{"line":0,"column":0},"end":{"line":0,"column":0},"skip":true}]},"6":{"line":0,"type":"binary-expr","locations":[{"start":{"line":0,"column":0},"end":{"line":0,"column":0},"skip":true},{"start":{"line":0,"column":0},"end":{"line":0,"column":0},"skip":true}]},"7":{"line":0,"type":"if","locations":[{"start":{"line":0,"column":0},"end":{"line":0,"column":0},"skip":true},{"start":{"line":0,"column":0},"end":{"line":0,"column":0},"skip":true}]},"8":{"line":0,"type":"if","locations":[{"start":{"line":0,"column":0},"end":{"line":0,"column":0},"skip":true},{"start":{"line":0,"column":0},"end":{"line":0,"column":0},"skip":true}]},"9":{"line":0,"type":"cond-expr","locations":[{"start":{"line":0,"column":0},"end":{"line":0,"column":0},"skip":true},{"start":{"line":0,"column":0},"end":{"line":0,"column":0},"skip":true}]},"10":{"line":0,"type":"binary-expr","locations":[{"start":{"line":0,"column":0},"end":{"line":0,"column":0},"skip":true},{"start":{"line":0,"column":0},"end":{"line":0,"column":0},"skip":true},{"start":{"line":0,"column":0},"end":{"line":0,"column":0},"skip":true}]},"11":{"line":0,"type":"if","locations":[{"start":{"line":0,"column":0},"end":{"line":0,"column":0},"skip":true},{"start":{"line":0,"column":0},"end":{"line":0,"column":0},"skip":true}]},"12":{"line":0,"type":"binary-expr","locations":[{"start":{"line":0,"column":0},"end":{"line":0,"column":0},"skip":true},{"start":{"line":0,"column":0},"end":{"line":0,"column":0},"skip":true}]},"13":{"line":0,"type":"binary-expr","locations":[{"start":{"line":0,"column":0},"end":{"line":0,"column":0},"skip":true},{"start":{"line":0,"column":0},"end":{"line":0,"column":0},"skip":true}]},"14":{"line":0,"type":"if","locations":[{"start":{"line":0,"column":0},"end":{"line":0,"column":0},"skip":true},{"start":{"line":0,"column":0},"end":{"line":0,"column":0},"skip":true}]},"15":{"line":0,"type":"cond-expr","locations":[{"start":{"line":0,"column":0},"end":{"line":0,"column":0},"skip":true},{"start":{"line":0,"column":0},"end":{"line":0,"column":0},"skip":true}]}}},"/Users/fuhao/Workspace/fuhao/react-redux-mocha/src/Test/reducer.js":{"path":"/Users/fuhao/Workspace/fuhao/react-redux-mocha/src/Test/reducer.js","s":{"1":1,"2":1,"3":1,"4":1,"5":1,"6":1,"7":1,"8":1,"9":1,"10":1,"11":0,"12":0,"13":0,"14":0,"15":0,"16":0,"17":0,"18":1,"19":1,"20":1,"21":1,"22":1,"23":1,"24":1,"25":5,"26":5,"27":5,"28":1,"29":1,"30":1,"31":1,"32":1,"33":1,"34":1,"35":1,"36":1},"b":{"1":[0,1],"2":[1,1],"3":[1,0],"4":[1,1],"5":[0,0],"6":[0,0],"7":[1,4],"8":[5,5],"9":[1,1,1,1,1]},"f":{"1":1,"2":1,"3":5,"4":1,"5":1,"6":1,"7":1},"fnMap":{"1":{"name":"_interopRequireDefault","line":0,"loc":{"start":{"line":0,"column":0},"end":{"line":0,"column":0}},"skip":true},"2":{"name":"_interopRequireWildcard","line":0,"loc":{"start":{"line":0,"column":0},"end":{"line":0,"column":0}},"skip":true},"3":{"name":"(anonymous_3)","line":21,"loc":{"start":{"line":21,"column":15},"end":{"line":21,"column":49}}},"4":{"name":"(anonymous_4)","line":25,"loc":{"start":{"line":25,"column":16},"end":{"line":null,"column":null}}},"5":{"name":"(anonymous_5)","line":29,"loc":{"start":{"line":29,"column":16},"end":{"line":null,"column":null}}},"6":{"name":"(anonymous_6)","line":33,"loc":{"start":{"line":33,"column":16},"end":{"line":null,"column":null}}},"7":{"name":"(anonymous_7)","line":37,"loc":{"start":{"line":37,"column":16},"end":{"line":null,"column":null}}}},"statementMap":{"1":{"start":{"line":0,"column":0},"end":{"line":0,"column":0},"skip":true},"2":{"start":{"line":1,"column":0},"end":{"line":null,"column":null}},"3":{"start":{"line":1,"column":12},"end":{"line":null,"column":null}},"4":{"start":{"line":2,"column":0},"end":{"line":null,"column":null}},"5":{"start":{"line":0,"column":0},"end":{"line":0,"column":0},"skip":true},"6":{"start":{"line":0,"column":0},"end":{"line":0,"column":0},"skip":true},"7":{"start":{"line":0,"column":0},"end":{"line":0,"column":0},"skip":true},"8":{"start":{"line":0,"column":0},"end":{"line":0,"column":0},"skip":true},"9":{"start":{"line":0,"column":0},"end":{"line":0,"column":0},"skip":true},"10":{"start":{"line":0,"column":0},"end":{"line":0,"column":0},"skip":true},"11":{"start":{"line":0,"column":0},"end":{"line":0,"column":0},"skip":true},"12":{"start":{"line":0,"column":0},"end":{"line":0,"column":0},"skip":true},"13":{"start":{"line":0,"column":0},"end":{"line":0,"column":0},"skip":true},"14":{"start":{"line":0,"column":0},"end":{"line":0,"column":0},"skip":true},"15":{"start":{"line":0,"column":0},"end":{"line":0,"column":0},"skip":true},"16":{"start":{"line":0,"column":0},"end":{"line":0,"column":0},"skip":true},"17":{"start":{"line":0,"column":0},"end":{"line":0,"column":0},"skip":true},"18":{"start":{"line":4,"column":7},"end":{"line":null,"column":null}},"19":{"start":{"line":7,"column":4},"end":{"line":null,"column":null}},"20":{"start":{"line":8,"column":4},"end":{"line":null,"column":null}},"21":{"start":{"line":9,"column":4},"end":{"line":null,"column":null}},"22":{"start":{"line":10,"column":4},"end":{"line":null,"column":null}},"23":{"start":{"line":13,"column":0},"end":{"line":null,"column":null}},"24":{"start":{"line":21,"column":15},"end":{"line":null,"column":null}},"25":{"start":{"line":21,"column":16},"end":{"line":null,"column":null}},"26":{"start":{"line":21,"column":38},"end":{"line":null,"column":null}},"27":{"start":{"line":22,"column":12},"end":{"line":null,"column":null}},"28":{"start":{"line":24,"column":19},"end":{"line":null,"column":null}},"29":{"start":{"line":25,"column":28},"end":{"line":null,"column":null}},"30":{"start":{"line":28,"column":19},"end":{"line":null,"column":null}},"31":{"start":{"line":29,"column":28},"end":{"line":null,"column":null}},"32":{"start":{"line":32,"column":19},"end":{"line":null,"column":null}},"33":{"start":{"line":33,"column":28},"end":{"line":null,"column":null}},"34":{"start":{"line":36,"column":19},"end":{"line":null,"column":null}},"35":{"start":{"line":37,"column":28},"end":{"line":null,"column":null}},"36":{"start":{"line":42,"column":19},"end":{"line":null,"column":null}}},"branchMap":{"1":{"line":0,"type":"cond-expr","locations":[{"start":{"line":0,"column":0},"end":{"line":0,"column":0},"skip":true},{"start":{"line":0,"column":0},"end":{"line":0,"column":0},"skip":true}]},"2":{"line":0,"type":"binary-expr","locations":[{"start":{"line":0,"column":0},"end":{"line":0,"column":0},"skip":true},{"start":{"line":0,"column":0},"end":{"line":0,"column":0},"skip":true}]},"3":{"line":0,"type":"if","locations":[{"start":{"line":0,"column":0},"end":{"line":0,"column":0},"skip":true},{"start":{"line":0,"column":0},"end":{"line":0,"column":0},"skip":true}]},"4":{"line":0,"type":"binary-expr","locations":[{"start":{"line":0,"column":0},"end":{"line":0,"column":0},"skip":true},{"start":{"line":0,"column":0},"end":{"line":0,"column":0},"skip":true}]},"5":{"line":0,"type":"if","locations":[{"start":{"line":0,"column":0},"end":{"line":0,"column":0},"skip":true},{"start":{"line":0,"column":0},"end":{"line":0,"column":0},"skip":true}]},"6":{"line":0,"type":"if","locations":[{"start":{"line":0,"column":0},"end":{"line":0,"column":0},"skip":true},{"start":{"line":0,"column":0},"end":{"line":0,"column":0},"skip":true}]},"7":{"line":21,"type":"cond-expr","locations":[{"start":{"line":21,"column":24},"end":{"line":21,"column":49}},{"start":{"line":0,"column":0},"end":{"line":0,"column":0},"skip":true}]},"8":{"line":21,"type":"binary-expr","locations":[{"start":{"line":21,"column":24},"end":{"line":21,"column":24}},{"start":{"line":21,"column":24},"end":{"line":21,"column":24}}]},"9":{"line":23,"type":"switch","locations":[{"start":{"line":23,"column":13},"end":{"line":null,"column":null}},{"start":{"line":27,"column":13},"end":{"line":null,"column":null}},{"start":{"line":31,"column":13},"end":{"line":null,"column":null}},{"start":{"line":35,"column":13},"end":{"line":null,"column":null}},{"start":{"line":0,"column":0},"end":{"line":0,"column":0},"skip":true}]}}}}