TN:
SF:/Users/fuhao/Workspace/fuhao/redux-mocha/src/Test/actions.js
FN:11,getActionOneText
FN:18,getActionTwoText
FN:25,fetchTextRequest
FN:32,fetchTextSuccess
FN:40,fetchText
FN:41,(anonymous_8)
FN:44,(anonymous_9)
FN:45,(anonymous_10)
FNF:8
FNH:8
FNDA:1,getActionOneText
FNDA:1,getActionTwoText
FNDA:1,fetchTextRequest
FNDA:1,fetchTextSuccess
FNDA:1,fetchText
FNDA:1,(anonymous_8)
FNDA:1,(anonymous_9)
FNDA:1,(anonymous_10)
DA:1,1
DA:2,1
DA:5,1
DA:6,1
DA:7,1
DA:8,1
DA:11,1
DA:12,1
DA:18,1
DA:19,1
DA:25,1
DA:26,1
DA:32,1
DA:33,1
DA:40,1
DA:41,1
DA:42,1
DA:43,1
DA:44,1
DA:46,1
DA:47,1
LF:21
LH:21
BRF:0
BRH:0
end_of_record
TN:
SF:/Users/fuhao/Workspace/fuhao/redux-mocha/src/Test/actionTypes.js
FNF:0
FNH:0
DA:1,1
DA:2,1
DA:3,1
DA:4,1
LF:4
LH:4
BRF:0
BRH:0
end_of_record
TN:
SF:/Users/fuhao/Workspace/fuhao/redux-mocha/src/Test/component.jsx
FN:5,Test
FN:9,render
FNF:2
FNH:2
FNDA:1,Test
FNDA:1,render
DA:1,1
DA:2,1
DA:4,1
DA:5,1
DA:6,1
DA:11,1
DA:12,1
DA:13,1
DA:14,1
DA:15,1
DA:16,1
DA:17,1
DA:18,1
DA:19,1
DA:22,1
DA:43,1
DA:54,1
LF:17
LH:17
BRF:0
BRH:0
end_of_record
TN:
SF:/Users/fuhao/Workspace/fuhao/redux-mocha/src/Test/reducer.js
FN:21,(anonymous_3)
FN:25,(anonymous_4)
FN:29,(anonymous_5)
FN:33,(anonymous_6)
FN:37,(anonymous_7)
FNF:5
FNH:5
FNDA:5,(anonymous_3)
FNDA:1,(anonymous_4)
FNDA:1,(anonymous_5)
FNDA:1,(anonymous_6)
FNDA:1,(anonymous_7)
DA:1,1
DA:2,1
DA:4,1
DA:7,1
DA:8,1
DA:9,1
DA:10,1
DA:13,1
DA:21,5
DA:22,5
DA:24,1
DA:25,1
DA:28,1
DA:29,1
DA:32,1
DA:33,1
DA:36,1
DA:37,1
DA:42,1
LF:19
LH:19
BRDA:21,7,0,1
BRDA:21,7,1,4
BRDA:21,8,0,5
BRDA:21,8,1,5
BRDA:23,9,0,1
BRDA:23,9,1,1
BRDA:23,9,2,1
BRDA:23,9,3,1
BRDA:23,9,4,1
BRF:9
BRH:9
end_of_record
